[debug] [2020-05-13T10:57:13.576Z] ----------------------------------------------------------------------
[debug] [2020-05-13T10:57:13.579Z] Command:       /usr/local/bin/node /usr/local/bin/firebase serve
[debug] [2020-05-13T10:57:13.579Z] CLI Version:   7.12.0
[debug] [2020-05-13T10:57:13.579Z] Platform:      darwin
[debug] [2020-05-13T10:57:13.579Z] Node Version:  v12.14.1
[debug] [2020-05-13T10:57:13.583Z] Time:          Wed May 13 2020 16:27:13 GMT+0530 (India Standard Time)
[debug] [2020-05-13T10:57:13.584Z] ----------------------------------------------------------------------
[debug] [2020-05-13T10:57:13.584Z] 
[debug] [2020-05-13T10:57:13.606Z] > command requires scopes: ["email","openid","https://www.googleapis.com/auth/cloudplatformprojects.readonly","https://www.googleapis.com/auth/firebase","https://www.googleapis.com/auth/cloud-platform"]
[debug] [2020-05-13T10:57:13.606Z] > authorizing via signed-in user
[debug] [2020-05-13T10:57:13.607Z] [iam] checking project rohit-mittal for permissions ["firebase.projects.get"]
[debug] [2020-05-13T10:57:13.608Z] > refreshing access token with scopes: ["email","https://www.googleapis.com/auth/cloud-platform","https://www.googleapis.com/auth/cloudplatformprojects.readonly","https://www.googleapis.com/auth/firebase","openid"]
[debug] [2020-05-13T10:57:13.609Z] >>> HTTP REQUEST POST https://www.googleapis.com/oauth2/v3/token  
 <request body omitted>
[debug] [2020-05-13T10:57:14.242Z] <<< HTTP RESPONSE 200
[debug] [2020-05-13T10:57:14.258Z] >>> HTTP REQUEST POST https://cloudresourcemanager.googleapis.com/v1/projects/rohit-mittal:testIamPermissions  

[debug] [2020-05-13T10:57:16.231Z] <<< HTTP RESPONSE 200
[debug] [2020-05-13T10:57:16.232Z] >>> HTTP REQUEST GET https://firebase.googleapis.com/v1beta1/projects/rohit-mittal  
 
[debug] [2020-05-13T10:57:16.897Z] <<< HTTP RESPONSE 200
[info] 
[info] === Serving from '/Users/melorra/Desktop/web/rohitmittal'...
[info] 
[debug] [2020-05-13T10:57:16.901Z] >>> HTTP REQUEST GET https://firebase.googleapis.com/v1beta1/projects/rohit-mittal/webApps/-/config  
 
[debug] [2020-05-13T10:57:18.075Z] <<< HTTP RESPONSE 200
[info] i  hosting: Serving hosting files from: public
[info] ✔  hosting: Local server: http://localhost:5000
